<?xml version="1.0" encoding="UTF-8"?>
<testsuite xmlns:xsi="http://www.w3.org/2001/XMLSchema-instance" xsi:noNamespaceSchemaLocation="https://maven.apache.org/surefire/maven-surefire-plugin/xsd/surefire-test-report-3.0.xsd" version="3.0" name="com.ejemplo.model.ShoppingCartTest" time="0.054" tests="4" errors="0" skipped="0" failures="0">
  <properties>
[...]
</properties>
  <testcase name="CA05_debeLanzarErrorAlEliminarProductoInexistente" classname="com.ejemplo.model.ShoppingCartTest" time="0.028"/>
  <testcase name="CA03_debeEliminarProductoDelCarrito" classname="com.ejemplo.model.ShoppingCartTest" time="0.007"/>
  <testcase name="CA02_debeActualizarCantidadDeUnProducto" classname="com.ejemplo.model.ShoppingCartTest" time="0"/>
  <testcase name="CA01_debeAgregarUnProductoAlCarrito" classname="com.ejemplo.model.ShoppingCartTest" time="0.002"/>
</testsuite>